<?xml version="1.0" encoding="UTF-8"?>
<!-- Generated by org.testng.reporters.JUnitXMLReporter -->
<testsuite hostname="VDDP35G-FBHRKM3" ignored="0" name="Test" tests="18" failures="0" timestamp="18 Feb 2020 15:03:50 GMT" time="0.184" errors="0">
  <testcase name="@BeforeClass endTest" time="0.015" classname="com.osc.automation.testcases.QuickQuotePageTest">
    <failure type="java.lang.NullPointerException">
      <![CDATA[java.lang.NullPointerException
	at com.osc.automation.testcases.QuickQuotePageTest.endTest(QuickQuotePageTest.java:427)
... Removed 25 stack frames]]>
    </failure>
  </testcase> <!-- @BeforeClass endTest -->
  <testcase name="@BeforeClass setUp" time="0.0" classname="com.osc.automation.testcases.QuickQuotePageTest">
    <skipped/>
  </testcase> <!-- @BeforeClass setUp -->
  <testcase name="testQuickQuotePageWelcome" time="0.001" classname="com.osc.automation.testcases.QuickQuotePageTest">
    <skipped/>
  </testcase> <!-- testQuickQuotePageWelcome -->
  <testcase name="verifyThatQuickQuotePageIsOpen" time="0.0" classname="com.osc.automation.testcases.QuickQuotePageTest">
    <skipped/>
  </testcase> <!-- verifyThatQuickQuotePageIsOpen -->
  <testcase name="verifyQuickQuotePageTabTitle" time="0.0" classname="com.osc.automation.testcases.QuickQuotePageTest">
    <skipped/>
  </testcase> <!-- verifyQuickQuotePageTabTitle -->
  <testcase name="verifyQuickQuotePageContacUsButtonText" time="0.0" classname="com.osc.automation.testcases.QuickQuotePageTest">
    <skipped/>
  </testcase> <!-- verifyQuickQuotePageContacUsButtonText -->
  <testcase name="veryfyQuickQuotePageContacUsButtonFunctionalityWhenDefaultLanguageSelected" time="0.0" classname="com.osc.automation.testcases.QuickQuotePageTest">
    <skipped/>
  </testcase> <!-- veryfyQuickQuotePageContacUsButtonFunctionalityWhenDefaultLanguageSelected -->
  <testcase name="verifyQuickQuotePageLanguageSwitcherTextWhenDefault" time="0.0" classname="com.osc.automation.testcases.QuickQuotePageTest">
    <skipped/>
  </testcase> <!-- verifyQuickQuotePageLanguageSwitcherTextWhenDefault -->
  <testcase name="veryfyChinesTextOfQuickQuotePageLanguageSwitchButton" time="0.0" classname="com.osc.automation.testcases.QuickQuotePageTest">
    <skipped/>
  </testcase> <!-- veryfyChinesTextOfQuickQuotePageLanguageSwitchButton -->
  <testcase name="verifyQuickQuotePageWhenSelectLanguageChinese" time="0.0" classname="com.osc.automation.testcases.QuickQuotePageTest">
    <skipped/>
  </testcase> <!-- verifyQuickQuotePageWhenSelectLanguageChinese -->
  <testcase name="verifyQuickQuotePageTitleWhenLanguageSwitchToChinese" time="0.0" classname="com.osc.automation.testcases.QuickQuotePageTest">
    <skipped/>
  </testcase> <!-- verifyQuickQuotePageTitleWhenLanguageSwitchToChinese -->
  <testcase name="verifyQuickQuotePageStepsWhenLanguageSelectedToChinese" time="0.0" classname="com.osc.automation.testcases.QuickQuotePageTest">
    <skipped/>
  </testcase> <!-- verifyQuickQuotePageStepsWhenLanguageSelectedToChinese -->
  <testcase name="verifyQuickQuotePageOSCProductDetailsWhenLanguageSelectedToChinese" time="0.0" classname="com.osc.automation.testcases.QuickQuotePageTest">
    <skipped/>
  </testcase> <!-- verifyQuickQuotePageOSCProductDetailsWhenLanguageSelectedToChinese -->
  <testcase name="verifyQuickQuotePageWhenLanguageSwitchToEnglishFromChinese" time="0.0" classname="com.osc.automation.testcases.QuickQuotePageTest">
    <skipped/>
  </testcase> <!-- verifyQuickQuotePageWhenLanguageSwitchToEnglishFromChinese -->
  <testcase name="verifyQuickQuotePageTitleWhenLanguageSwitchToEnglishFromChinese" time="0.0" classname="com.osc.automation.testcases.QuickQuotePageTest">
    <skipped/>
  </testcase> <!-- verifyQuickQuotePageTitleWhenLanguageSwitchToEnglishFromChinese -->
  <testcase name="verifyQuickQuotePageStepsTextWhenLanguageSelectedToEnglish" time="0.0" classname="com.osc.automation.testcases.QuickQuotePageTest">
    <skipped/>
  </testcase> <!-- verifyQuickQuotePageStepsTextWhenLanguageSelectedToEnglish -->
  <testcase name="verifyQuickQuotePageOSCProductDetailsWhenLanguageSelectedToEnglish" time="0.0" classname="com.osc.automation.testcases.QuickQuotePageTest">
    <skipped/>
  </testcase> <!-- verifyQuickQuotePageOSCProductDetailsWhenLanguageSelectedToEnglish -->
  <testcase name="verifyExploreBenefitsButtonText" time="0.0" classname="com.osc.automation.testcases.QuickQuotePageTest">
    <skipped/>
  </testcase> <!-- verifyExploreBenefitsButtonText -->
  <testcase name="verifyExploreBenefitsPopupWhenClickOnButton" time="0.0" classname="com.osc.automation.testcases.QuickQuotePageTest">
    <skipped/>
  </testcase> <!-- verifyExploreBenefitsPopupWhenClickOnButton -->
  <testcase name="verifyExploreBenefitsPopupContent" time="0.001" classname="com.osc.automation.testcases.QuickQuotePageTest">
    <skipped/>
  </testcase> <!-- verifyExploreBenefitsPopupContent -->
</testsuite> <!-- Test -->
